<?xml version="1.0" encoding="UTF-8"?>
<testsuite xmlns:xsi="http://www.w3.org/2001/XMLSchema-instance" xsi:noNamespaceSchemaLocation="https://maven.apache.org/surefire/maven-surefire-plugin/xsd/surefire-test-report.xsd" name="org.bwq.AppTest" time="0.061" tests="1" errors="0" skipped="0" failures="0">
  <properties>
    <property name="sun.desktop" value="windows"/>
    <property name="awt.toolkit" value="sun.awt.windows.WToolkit"/>
    <property name="file.encoding.pkg" value="sun.io"/>
    <property name="java.specification.version" value="1.8"/>
    <property name="sun.cpu.isalist" value="amd64"/>
    <property name="sun.jnu.encoding" value="GBK"/>
    <property name="java.class.path" value="D:\temp_file\Course2021\mathOfIS\target\test-classes;D:\temp_file\Course2021\mathOfIS\target\classes;C:\Users\24426\.m2\repository\junit\junit\4.11\junit-4.11.jar;C:\Users\24426\.m2\repository\org\hamcrest\hamcrest-core\1.3\hamcrest-core-1.3.jar;"/>
    <property name="java.vm.vendor" value="Oracle Corporation"/>
    <property name="sun.arch.data.model" value="64"/>
    <property name="user.variant" value=""/>
    <property name="java.vendor.url" value="http://java.oracle.com/"/>
    <property name="user.timezone" value="Asia/Shanghai"/>
    <property name="java.vm.specification.version" value="1.8"/>
    <property name="os.name" value="Windows 10"/>
    <property name="user.country" value="CN"/>
    <property name="sun.java.launcher" value="SUN_STANDARD"/>
    <property name="sun.boot.library.path" value="C:\Java\jdk1.8.0_281\jre\bin"/>
    <property name="sun.java.command" value="C:\Users\24426\AppData\Local\Temp\surefire7288779272139290475\surefirebooter7774425364474392078.jar C:\Users\24426\AppData\Local\Temp\surefire7288779272139290475 2021-05-26T11-11-00_214-jvmRun1 surefire4024290701607746143tmp surefire_08173243202700588783tmp"/>
    <property name="surefire.test.class.path" value="D:\temp_file\Course2021\mathOfIS\target\test-classes;D:\temp_file\Course2021\mathOfIS\target\classes;C:\Users\24426\.m2\repository\junit\junit\4.11\junit-4.11.jar;C:\Users\24426\.m2\repository\org\hamcrest\hamcrest-core\1.3\hamcrest-core-1.3.jar;"/>
    <property name="sun.cpu.endian" value="little"/>
    <property name="user.home" value="C:\Users\24426"/>
    <property name="user.language" value="zh"/>
    <property name="java.specification.vendor" value="Oracle Corporation"/>
    <property name="java.home" value="C:\Java\jdk1.8.0_281\jre"/>
    <property name="basedir" value="D:\temp_file\Course2021\mathOfIS"/>
    <property name="file.separator" value="\"/>
    <property name="line.separator" value="&#10;"/>
    <property name="java.vm.specification.vendor" value="Oracle Corporation"/>
    <property name="java.specification.name" value="Java Platform API Specification"/>
    <property name="java.awt.graphicsenv" value="sun.awt.Win32GraphicsEnvironment"/>
    <property name="surefire.real.class.path" value="C:\Users\24426\AppData\Local\Temp\surefire7288779272139290475\surefirebooter7774425364474392078.jar"/>
    <property name="sun.boot.class.path" value="C:\Java\jdk1.8.0_281\jre\lib\resources.jar;C:\Java\jdk1.8.0_281\jre\lib\rt.jar;C:\Java\jdk1.8.0_281\jre\lib\sunrsasign.jar;C:\Java\jdk1.8.0_281\jre\lib\jsse.jar;C:\Java\jdk1.8.0_281\jre\lib\jce.jar;C:\Java\jdk1.8.0_281\jre\lib\charsets.jar;C:\Java\jdk1.8.0_281\jre\lib\jfr.jar;C:\Java\jdk1.8.0_281\jre\classes"/>
    <property name="user.script" value=""/>
    <property name="sun.management.compiler" value="HotSpot 64-Bit Tiered Compilers"/>
    <property name="java.runtime.version" value="1.8.0_281-b09"/>
    <property name="user.name" value="24426"/>
    <property name="path.separator" value=";"/>
    <property name="os.version" value="10.0"/>
    <property name="java.endorsed.dirs" value="C:\Java\jdk1.8.0_281\jre\lib\endorsed"/>
    <property name="java.runtime.name" value="Java(TM) SE Runtime Environment"/>
    <property name="file.encoding" value="GBK"/>
    <property name="java.vm.name" value="Java HotSpot(TM) 64-Bit Server VM"/>
    <property name="localRepository" value="C:\Users\24426\.m2\repository"/>
    <property name="java.vendor.url.bug" value="http://bugreport.sun.com/bugreport/"/>
    <property name="java.io.tmpdir" value="C:\Users\24426\AppData\Local\Temp\"/>
    <property name="idea.version" value="2021.1"/>
    <property name="java.version" value="1.8.0_281"/>
    <property name="user.dir" value="D:\temp_file\Course2021\mathOfIS"/>
    <property name="os.arch" value="amd64"/>
    <property name="java.vm.specification.name" value="Java Virtual Machine Specification"/>
    <property name="java.awt.printerjob" value="sun.awt.windows.WPrinterJob"/>
    <property name="sun.os.patch.level" value=""/>
    <property name="java.library.path" value="C:\Java\jdk1.8.0_281\jre\bin;C:\WINDOWS\Sun\Java\bin;C:\WINDOWS\system32;C:\WINDOWS;C:\Program Files (x86)\Common Files\Oracle\Java\javapath;C:\Program Files (x86)\VMware\VMware Workstation\bin\;C:\WINDOWS\system32;C:\WINDOWS;C:\WINDOWS\System32\Wbem;C:\WINDOWS\System32\WindowsPowerShell\v1.0\;C:\WINDOWS\System32\OpenSSH\;D:\Program Files\Git\cmd;D:\Program Files\MATLAB\R2019a\bin;C:\Program Files\nodejs\;C:\Users\24426\AppData\Local\Programs\Python\Python39\;C:\Users\24426\AppData\Local\Programs\Python\Python39\Scripts\;D:\sqlite;C:\Users\24426\.m2\myMaven\apache-maven-3.8.1\bin;C:\Program Files\MySQL\MySQL Shell 8.0\bin\;C:\Users\24426\AppData\Local\Microsoft\WindowsApps;D:\texlive\2020\bin\win32;C:\Users\24426\AppData\Roaming\npm;C:\Program Files\nodejs\;C:\Program Files\nodejs\node_global;C:\Java\jdk1.8.0_281\bin;C:\Java\jdk1.8.0_281\jre\bin;C:\Program Files\MySQL\MySQL Server 5.7\bin;;D:\Users\24426\AppData\Local\Programs\Microsoft VS Code\bin;."/>
    <property name="java.vm.info" value="mixed mode"/>
    <property name="java.vendor" value="Oracle Corporation"/>
    <property name="java.vm.version" value="25.281-b09"/>
    <property name="java.ext.dirs" value="C:\Java\jdk1.8.0_281\jre\lib\ext;C:\WINDOWS\Sun\Java\lib\ext"/>
    <property name="sun.io.unicode.encoding" value="UnicodeLittle"/>
    <property name="java.class.version" value="52.0"/>
  </properties>
  <testcase name="shouldAnswerWithTrue" classname="org.bwq.AppTest" time="0.002"/>
</testsuite>